<?xml version="1.0" encoding="UTF-8"?>
<testng-results skipped="0" failed="0" ignored="1" total="2" passed="1">
  <reporter-output>
  </reporter-output>
  <suite name="Default suite" duration-ms="3531" started-at="2017-10-05T20:56:48Z" finished-at="2017-10-05T20:56:52Z">
    <groups>
    </groups>
    <test name="Default test" duration-ms="3531" started-at="2017-10-05T20:56:48Z" finished-at="2017-10-05T20:56:52Z">
      <class name="Project1.RestAssuredApi.ItunesApi">
        <test-method status="PASS" signature="getRequest2()[pri:0, instance:Project1.RestAssuredApi.ItunesApi@1b604f19]" name="getRequest2" duration-ms="3493" started-at="2017-10-05T13:56:48Z" finished-at="2017-10-05T13:56:52Z">
          <reporter-output>
          </reporter-output>
        </test-method> <!-- getRequest2 -->
      </class> <!-- Project1.RestAssuredApi.ItunesApi -->
    </test> <!-- Default test -->
  </suite> <!-- Default suite -->
</testng-results>
