<?xml version="1.0" encoding="UTF-8"?>
<testng-results skipped="0" failed="0" total="10" passed="10">
  <reporter-output>
  </reporter-output>
  <suite name="Default suite" duration-ms="2954" started-at="2017-08-28T23:13:40Z" finished-at="2017-08-28T23:13:43Z">
    <groups>
    </groups>
    <test name="Default test" duration-ms="2954" started-at="2017-08-28T23:13:40Z" finished-at="2017-08-28T23:13:43Z">
      <class name="project1.Automation_api.TalentScreenApi">
        <test-method status="PASS" signature="beforeClass()[pri:0, instance:project1.Automation_api.TalentScreenApi@5ae9a829]" name="beforeClass" is-config="true" duration-ms="502" started-at="2017-08-28T16:13:40Z" finished-at="2017-08-28T16:13:40Z">
          <reporter-output>
          </reporter-output>
        </test-method> <!-- beforeClass -->
        <test-method status="PASS" signature="getRequest()[pri:0, instance:project1.Automation_api.TalentScreenApi@5ae9a829]" name="getRequest" duration-ms="720" started-at="2017-08-28T16:13:40Z" finished-at="2017-08-28T16:13:41Z">
          <reporter-output>
          </reporter-output>
        </test-method> <!-- getRequest -->
        <test-method status="PASS" signature="postRequest(java.lang.String)[pri:0, instance:project1.Automation_api.TalentScreenApi@5ae9a829]" name="postRequest" duration-ms="412" started-at="2017-08-28T16:13:41Z" data-provider="PostRequest" finished-at="2017-08-28T16:13:41Z">
          <params>
            <param index="0">
              <value>
                <![CDATA[{"name":"WorldOfJava","description":"Java is programming language","icon_class":"ts-java programming","categoryid":1}]]>
              </value>
            </param>
          </params>
          <reporter-output>
          </reporter-output>
        </test-method> <!-- postRequest -->
        <test-method status="PASS" signature="postRequest(java.lang.String)[pri:0, instance:project1.Automation_api.TalentScreenApi@5ae9a829]" name="postRequest" duration-ms="254" started-at="2017-08-28T16:13:41Z" data-provider="PostRequest" finished-at="2017-08-28T16:13:42Z">
          <params>
            <param index="0">
              <value>
                <![CDATA[{"name":"Using Java for API ","description":"Java is programming language","icon_class":"ts-java programming","categoryid":1}]]>
              </value>
            </param>
          </params>
          <reporter-output>
          </reporter-output>
        </test-method> <!-- postRequest -->
        <test-method status="PASS" signature="postRequest(java.lang.String)[pri:0, instance:project1.Automation_api.TalentScreenApi@5ae9a829]" name="postRequest" duration-ms="279" started-at="2017-08-28T16:13:42Z" data-provider="PostRequest" finished-at="2017-08-28T16:13:42Z">
          <params>
            <param index="0">
              <value>
                <![CDATA[{"name":"WorldOfApi","description":"Java is programming language","icon_class":"ts-java programming","categoryid":1}]]>
              </value>
            </param>
          </params>
          <reporter-output>
          </reporter-output>
        </test-method> <!-- postRequest -->
        <test-method status="PASS" signature="postRequest(java.lang.String)[pri:0, instance:project1.Automation_api.TalentScreenApi@5ae9a829]" name="postRequest" duration-ms="79" started-at="2017-08-28T16:13:42Z" data-provider="PostRequest" finished-at="2017-08-28T16:13:42Z">
          <params>
            <param index="0">
              <value>
                <![CDATA[{"name":"API ","description":"Java is programming language","icon_class":"ts-java programming","categoryid":1}]]>
              </value>
            </param>
          </params>
          <reporter-output>
          </reporter-output>
        </test-method> <!-- postRequest -->
        <test-method status="PASS" signature="putRequest(java.lang.String)[pri:0, instance:project1.Automation_api.TalentScreenApi@5ae9a829]" name="putRequest" duration-ms="101" started-at="2017-08-28T16:13:42Z" data-provider="PutRequest" finished-at="2017-08-28T16:13:42Z">
          <params>
            <param index="0">
              <value>
                <![CDATA[{"name":"Learn_Java","description":"Java is programming language","icon_class":"ts-java programming","categoryid":1}]]>
              </value>
            </param>
          </params>
          <reporter-output>
          </reporter-output>
        </test-method> <!-- putRequest -->
        <test-method status="PASS" signature="putRequest(java.lang.String)[pri:0, instance:project1.Automation_api.TalentScreenApi@5ae9a829]" name="putRequest" duration-ms="69" started-at="2017-08-28T16:13:42Z" data-provider="PutRequest" finished-at="2017-08-28T16:13:42Z">
          <params>
            <param index="0">
              <value>
                <![CDATA[{"name":"Learn_API","description":"Java is programming language","icon_class":"ts-java programming","categoryid":1}]]>
              </value>
            </param>
          </params>
          <reporter-output>
          </reporter-output>
        </test-method> <!-- putRequest -->
        <test-method status="PASS" signature="putRequest(java.lang.String)[pri:0, instance:project1.Automation_api.TalentScreenApi@5ae9a829]" name="putRequest" duration-ms="80" started-at="2017-08-28T16:13:42Z" data-provider="PutRequest" finished-at="2017-08-28T16:13:42Z">
          <params>
            <param index="0">
              <value>
                <![CDATA[{"name":"Using httpclient","description":"Java is programming language","icon_class":"ts-java programming","categoryid":1}]]>
              </value>
            </param>
          </params>
          <reporter-output>
          </reporter-output>
        </test-method> <!-- putRequest -->
        <test-method status="PASS" signature="putRequest(java.lang.String)[pri:0, instance:project1.Automation_api.TalentScreenApi@5ae9a829]" name="putRequest" duration-ms="75" started-at="2017-08-28T16:13:42Z" data-provider="PutRequest" finished-at="2017-08-28T16:13:42Z">
          <params>
            <param index="0">
              <value>
                <![CDATA[{"name":"Using postman tool","description":"Java is programming language","icon_class":"ts-java programming","categoryid":1}]]>
              </value>
            </param>
          </params>
          <reporter-output>
          </reporter-output>
        </test-method> <!-- putRequest -->
        <test-method status="PASS" signature="deleteRequest()[pri:0, instance:project1.Automation_api.TalentScreenApi@5ae9a829]" name="deleteRequest" duration-ms="300" started-at="2017-08-28T16:13:42Z" finished-at="2017-08-28T16:13:43Z">
          <reporter-output>
          </reporter-output>
        </test-method> <!-- deleteRequest -->
      </class> <!-- project1.Automation_api.TalentScreenApi -->
    </test> <!-- Default test -->
  </suite> <!-- Default suite -->
</testng-results>
