<?xml version="1.0" encoding="UTF-8"?>
<!-- Generated by org.testng.reporters.JUnitXMLReporter -->
<testsuite hostname="Parul" ignored="3" name="Default test" tests="1" failures="0" timestamp="01 Nov 2017 00:51:56 GMT" time="2.734" errors="0">
  <testcase name="test_NumberOfCircuits_ShouldBe20_Parameterized" time="2.686" classname="com.wbl.RestAssured.Circuits"/>
  <testcase name="test_ResponseHeaderData_ShouldBeCorrect" time="0.0" classname="com.wbl.RestAssured.Circuits">
    <ignored/>
  </testcase> <!-- test_ResponseHeaderData_ShouldBeCorrect -->
  <testcase name="test_Md5CheckSumForTest_ShouldBe098f6bcd4621d373cade4e832627b4f6" time="0.0" classname="com.wbl.RestAssured.Circuits">
    <ignored/>
  </testcase> <!-- test_Md5CheckSumForTest_ShouldBe098f6bcd4621d373cade4e832627b4f6 -->
  <testcase name="test_NumberOfCircuitsFor2017Season_ShouldBe20" time="0.0" classname="com.wbl.RestAssured.Circuits">
    <ignored/>
  </testcase> <!-- test_NumberOfCircuitsFor2017Season_ShouldBe20 -->
</testsuite> <!-- Default test -->
