<?xml version="1.0" encoding="UTF-8"?>
<testng-results skipped="0" failed="0" ignored="3" total="4" passed="1">
  <reporter-output>
  </reporter-output>
  <suite name="Default suite" duration-ms="2734" started-at="2017-11-01T00:51:53Z" finished-at="2017-11-01T00:51:56Z">
    <groups>
    </groups>
    <test name="Default test" duration-ms="2734" started-at="2017-11-01T00:51:53Z" finished-at="2017-11-01T00:51:56Z">
      <class name="com.wbl.RestAssured.Circuits">
        <test-method status="PASS" signature="test_NumberOfCircuits_ShouldBe20_Parameterized(java.lang.String, java.lang.String)[pri:0, instance:com.wbl.RestAssured.Circuits@4cc0edeb]" name="test_NumberOfCircuits_ShouldBe20_Parameterized" duration-ms="2686" started-at="2017-10-31T17:51:53Z" data-provider="driverConsructorData" finished-at="2017-10-31T17:51:56Z">
          <params>
            <param index="0">
              <value>
                <![CDATA[alonso]]>
              </value>
            </param>
            <param index="1">
              <value>
                <![CDATA[renault]]>
              </value>
            </param>
          </params>
          <reporter-output>
          </reporter-output>
        </test-method> <!-- test_NumberOfCircuits_ShouldBe20_Parameterized -->
      </class> <!-- com.wbl.RestAssured.Circuits -->
    </test> <!-- Default test -->
  </suite> <!-- Default suite -->
</testng-results>
