<?xml version="1.0" encoding="UTF-8"?>
<!-- Generated by org.testng.reporters.JUnitXMLReporter -->
<testsuite hostname="Parul" ignored="1" name="Default test" tests="1" failures="0" timestamp="05 Oct 2017 20:56:52 GMT" time="3.531" errors="0">
  <testcase name="getRequest2" time="3.493" classname="Project1.RestAssuredApi.ItunesApi"/>
  <testcase name="getRequest" time="0.0" classname="Project1.RestAssuredApi.ItunesApi">
    <ignored/>
  </testcase> <!-- getRequest -->
</testsuite> <!-- Default test -->
